[
  {
    "level": "INFO",
    "message": "android.ndkVersion from module build.gradle is not set"
  },
  {
    "level": "INFO",
    "message": "ndk.dir in local.properties is not set"
  },
  {
    "level": "INFO",
    "message": "ANDROID_NDK_HOME environment variable is /usr/local/android/ndk/21.3.6528147/"
  },
  {
    "level": "INFO",
    "message": "sdkFolder is /usr/local/android"
  },
  {
    "level": "WARN",
    "message": "Support for ANDROID_NDK_HOME is deprecated and will be removed in the future. Use android.ndkVersion in build.gradle instead."
  },
  {
    "level": "INFO",
    "message": "Considering /usr/local/android/ndk/21.3.6528147 by ANDROID_NDK_HOME"
  },
  {
    "level": "INFO",
    "message": "Considering /usr/local/android/ndk-bundle in SDK ndk-bundle folder"
  },
  {
    "level": "INFO",
    "message": "Considering /usr/local/android/ndk/22.0.7026061 in SDK ndk folder"
  },
  {
    "level": "INFO",
    "message": "Rejected /usr/local/android/ndk/21.3.6528147 by ANDROID_NDK_HOME because that location has no source.properties"
  },
  {
    "level": "INFO",
    "message": "No user requested version, choosing /usr/local/android/ndk/22.0.7026061 which is version 22.0.7026061"
  }
]